<?xml version="1.0" encoding="UTF-8"?>
<Site BuildName="(empty)"
	BuildStamp="20250225-0433-Experimental"
	Name="(empty)"
	Generator="ctest-3.22.1"
	CompilerName=""
	CompilerVersion=""
	OSName="Linux"
	Hostname="a638690325c6"
	OSRelease="6.8.0-52-generic"
	OSVersion="#53-Ubuntu SMP PREEMPT_DYNAMIC Sat Jan 11 00:06:25 UTC 2025"
	OSPlatform="x86_64"
	Is64Bits="1"
	VendorString="GenuineIntel"
	VendorID="Intel Corporation"
	FamilyID="6"
	ModelID="142"
	ProcessorCacheSize="6144"
	NumberOfLogicalCPU="8"
	NumberOfPhysicalCPU="4"
	TotalVirtualMemory="4095"
	TotalPhysicalMemory="15705"
	LogicalProcessorsPerPhysical="2"
	ProcessorClockFrequency="3599.99"
	>
	<Testing>
		<StartDateTime>Feb 25 04:42 UTC</StartDateTime>
		<StartTestTime>1740458531</StartTestTime>
		<TestList>
			<Test>./ConverterTest.MaximumError</Test>
		</TestList>
		<Test Status="notrun">
			<Name>ConverterTest.MaximumError</Name>
			<Path>.</Path>
			<FullName>./ConverterTest.MaximumError</FullName>
			<FullCommandLine>/workspace/build/stepper_tests "--gtest_filter=ConverterTest.MaximumError" "--gtest_also_run_disabled_tests"</FullCommandLine>
			<Results>
				<NamedMeasurement type="numeric/double" name="Processors">
					<Value>1</Value>
				</NamedMeasurement>
				<NamedMeasurement type="text/string" name="Completion Status">
					<Value>SKIP_REGULAR_EXPRESSION_MATCHED</Value>
				</NamedMeasurement>
				<NamedMeasurement type="text/string" name="Command Line">
					<Value>/workspace/build/stepper_tests "--gtest_filter=ConverterTest.MaximumError" "--gtest_also_run_disabled_tests"</Value>
				</NamedMeasurement>
				<NamedMeasurement type="text/string" name="Environment">
					<Value>#CTEST_RESOURCE_GROUP_COUNT=</Value>
				</NamedMeasurement>
				<Measurement>
					<Value encoding="base64" compression="gzip">eJyNUMGKgzAQvecr5lhh1XpcoYdlW8qybBHdPZUiUacSGhNJYtvP3xiL6MIW5xBmkjcv7720E4KJGhrKxMqDs5INhDepLrqlJYZFx3gV5hW2OqylrDka1MbXqpyMoRv7Lu9pgrIkB2kwhr2DwLd9gTPjBhVs4F2KKyrb99fBF72zpmt2SklFjpuxTpA+lEVg3H6v7NHrjhkMyNEf6wR7LgvKh3cUV6akaFBYLBq/a/+Ap5wzPeQI6c8BXJ2eSZ1k1FNpd+bjQlDe73EUvcaQXVjbYkUsM2SfH0my2z5lhtUaGu0t1DugwUhDuUeWJWKQKr+SNzHP+7+cQVERzP+xVpK3LLNOrJW1w+pgbnBgeAHOtMEKCuTyFi/NgPwCgTnabg==</Value>
				</Measurement>
			</Results>
		</Test>
		<EndDateTime>Feb 25 04:42 UTC</EndDateTime>
		<EndTestTime>1740458531</EndTestTime>
		<ElapsedMinutes>0</ElapsedMinutes>
	</Testing>
</Site>
